--- FILE: build/1_Set up job.txt ---
﻿2026-04-11T04:38:22.6199602Z Current runner version: '2.333.1'
2026-04-11T04:38:22.6233230Z ##[group]Runner Image Provisioner
2026-04-11T04:38:22.6234623Z Hosted Compute Agent
2026-04-11T04:38:22.6235780Z Version: 20260213.493
2026-04-11T04:38:22.6237030Z Commit: 5c115507f6dd24b8de37d8bbe0bb4509d0cc0fa3
2026-04-11T04:38:22.6238198Z Build Date: 2026-02-13T00:28:41Z
2026-04-11T04:38:22.6239304Z Worker ID: {9e3b9a53-a373-465f-b213-b26102697fe8}
2026-04-11T04:38:22.6240454Z Azure Region: eastus2
2026-04-11T04:38:22.6241369Z ##[endgroup]
2026-04-11T04:38:22.6244088Z ##[group]Operating System
2026-04-11T04:38:22.6245182Z Ubuntu
2026-04-11T04:38:22.6246277Z 24.04.4
2026-04-11T04:38:22.6247205Z LTS
2026-04-11T04:38:22.6248057Z ##[endgroup]
2026-04-11T04:38:22.6249155Z ##[group]Runner Image
2026-04-11T04:38:22.6250167Z Image: ubuntu-24.04
2026-04-11T04:38:22.6251005Z Version: 20260406.80.1
2026-04-11T04:38:22.6252882Z Included Software: https://github.com/actions/runner-images/blob/ubuntu24/20260406.80/images/ubuntu/Ubuntu2404-Readme.md
2026-04-11T04:38:22.6256069Z Image Release: https://github.com/actions/runner-images/releases/tag/ubuntu24%2F20260406.80
2026-04-11T04:38:22.6258059Z ##[endgroup]
2026-04-11T04:38:22.6259783Z ##[group]GITHUB_TOKEN Permissions
2026-04-11T04:38:22.6262415Z Contents: read
2026-04-11T04:38:22.6263297Z Metadata: read
2026-04-11T04:38:22.6264863Z ##[endgroup]
2026-04-11T04:38:22.6268160Z Secret source: Actions
2026-04-11T04:38:22.6269817Z Prepare workflow directory
2026-04-11T04:38:22.6750084Z Prepare all required actions
2026-04-11T04:38:22.6806831Z Getting action download info
2026-04-11T04:38:22.9159304Z Download action repository 'actions/checkout@v4' (SHA:34e114876b0b11c390a56381ad16ebd13914f8d5)
2026-04-11T04:38:23.0284474Z Download action repository 'docker/login-action@v3' (SHA:c94ce9fb468520275223c153574b00df6fe4bcc9)
2026-04-11T04:38:23.4483709Z Complete job name: build


--- FILE: build/2_Checkout code.txt ---
﻿2026-04-11T04:38:23.5192262Z ##[group]Run actions/checkout@v4
2026-04-11T04:38:23.5193237Z with:
2026-04-11T04:38:23.5193668Z   repository: VarunChavda78/SSF
2026-04-11T04:38:23.5194337Z   token: ***
2026-04-11T04:38:23.5194745Z   ssh-strict: true
2026-04-11T04:38:23.5195161Z   ssh-user: git
2026-04-11T04:38:23.5195774Z   persist-credentials: true
2026-04-11T04:38:23.5196294Z   clean: true
2026-04-11T04:38:23.5196740Z   sparse-checkout-cone-mode: true
2026-04-11T04:38:23.5197232Z   fetch-depth: 1
2026-04-11T04:38:23.5197623Z   fetch-tags: false
2026-04-11T04:38:23.5198041Z   show-progress: true
2026-04-11T04:38:23.5198456Z   lfs: false
2026-04-11T04:38:23.5198837Z   submodules: false
2026-04-11T04:38:23.5199257Z   set-safe-directory: true
2026-04-11T04:38:23.5199972Z ##[endgroup]
2026-04-11T04:38:23.6304130Z Syncing repository: VarunChavda78/SSF
2026-04-11T04:38:23.6306957Z ##[group]Getting Git version info
2026-04-11T04:38:23.6308044Z Working directory is '/home/runner/work/SSF/SSF'
2026-04-11T04:38:23.6309651Z [command]/usr/bin/git version
2026-04-11T04:38:23.6326419Z git version 2.53.0
2026-04-11T04:38:23.6353789Z ##[endgroup]
2026-04-11T04:38:23.6370052Z Temporarily overriding HOME='/home/runner/work/_temp/7f1c5a0e-9931-48e8-a238-4bc937559865' before making global git config changes
2026-04-11T04:38:23.6372770Z Adding repository directory to the temporary git global config as a safe directory
2026-04-11T04:38:23.6385976Z [command]/usr/bin/git config --global --add safe.directory /home/runner/work/SSF/SSF
2026-04-11T04:38:23.6421711Z Deleting the contents of '/home/runner/work/SSF/SSF'
2026-04-11T04:38:23.6425795Z ##[group]Initializing the repository
2026-04-11T04:38:23.6429715Z [command]/usr/bin/git init /home/runner/work/SSF/SSF
2026-04-11T04:38:23.6532322Z hint: Using 'master' as the name for the initial branch. This default branch name
2026-04-11T04:38:23.6533722Z hint: will change to "main" in Git 3.0. To configure the initial branch name
2026-04-11T04:38:23.6534801Z hint: to use in all of your new repositories, which will suppress this warning,
2026-04-11T04:38:23.6535973Z hint: call:
2026-04-11T04:38:23.6536524Z hint:
2026-04-11T04:38:23.6537501Z hint: 	git config --global init.defaultBranch <name>
2026-04-11T04:38:23.6538233Z hint:
2026-04-11T04:38:23.6538908Z hint: Names commonly chosen instead of 'master' are 'main', 'trunk' and
2026-04-11T04:38:23.6539902Z hint: 'development'. The just-created branch can be renamed via this command:
2026-04-11T04:38:23.6540692Z hint:
2026-04-11T04:38:23.6541171Z hint: 	git branch -m <name>
2026-04-11T04:38:23.6541739Z hint:
2026-04-11T04:38:23.6542448Z hint: Disable this message with "git config set advice.defaultBranchName false"
2026-04-11T04:38:23.6543560Z Initialized empty Git repository in /home/runner/work/SSF/SSF/.git/
2026-04-11T04:38:23.6552268Z [command]/usr/bin/git remote add origin https://github.com/VarunChavda78/SSF
2026-04-11T04:38:23.6588673Z ##[endgroup]
2026-04-11T04:38:23.6593046Z ##[group]Disabling automatic garbage collection
2026-04-11T04:38:23.6594213Z [command]/usr/bin/git config --local gc.auto 0
2026-04-11T04:38:23.6628042Z ##[endgroup]
2026-04-11T04:38:23.6629229Z ##[group]Setting up auth
2026-04-11T04:38:23.6634676Z [command]/usr/bin/git config --local --name-only --get-regexp core\.sshCommand
2026-04-11T04:38:23.6667418Z [command]/usr/bin/git submodule foreach --recursive sh -c "git config --local --name-only --get-regexp 'core\.sshCommand' && git config --local --unset-all 'core.sshCommand' || :"
2026-04-11T04:38:23.6995742Z [command]/usr/bin/git config --local --name-only --get-regexp http\.https\:\/\/github\.com\/\.extraheader
2026-04-11T04:38:23.7023812Z [command]/usr/bin/git submodule foreach --recursive sh -c "git config --local --name-only --get-regexp 'http\.https\:\/\/github\.com\/\.extraheader' && git config --local --unset-all 'http.https://github.com/.extraheader' || :"
2026-04-11T04:38:23.7252215Z [command]/usr/bin/git config --local --name-only --get-regexp ^includeIf\.gitdir:
2026-04-11T04:38:23.7281899Z [command]/usr/bin/git submodule foreach --recursive git config --local --show-origin --name-only --get-regexp remote.origin.url
2026-04-11T04:38:23.7506298Z [command]/usr/bin/git config --local http.https://github.com/.extraheader AUTHORIZATION: basic ***
2026-04-11T04:38:23.7539094Z ##[endgroup]
2026-04-11T04:38:23.7540376Z ##[group]Fetching the repository
2026-04-11T04:38:23.7548984Z [command]/usr/bin/git -c protocol.version=2 fetch --no-tags --prune --no-recurse-submodules --depth=1 origin +b7baa392e914d72df54c09e016fa7535373ad574:refs/remotes/origin/main
2026-04-11T04:38:24.4747852Z From https://github.com/VarunChavda78/SSF
2026-04-11T04:38:24.4749859Z  * [new ref]         b7baa392e914d72df54c09e016fa7535373ad574 -> origin/main
2026-04-11T04:38:24.4779250Z ##[endgroup]
2026-04-11T04:38:24.4780596Z ##[group]Determining the checkout info
2026-04-11T04:38:24.4782193Z ##[endgroup]
2026-04-11T04:38:24.4788234Z [command]/usr/bin/git sparse-checkout disable
2026-04-11T04:38:24.4827943Z [command]/usr/bin/git config --local --unset-all extensions.worktreeConfig
2026-04-11T04:38:24.4858164Z ##[group]Checking out the ref
2026-04-11T04:38:24.4861811Z [command]/usr/bin/git checkout --progress --force -B main refs/remotes/origin/main
2026-04-11T04:38:25.0568535Z Switched to a new branch 'main'
2026-04-11T04:38:25.0569914Z branch 'main' set up to track 'origin/main'.
2026-04-11T04:38:25.0587802Z ##[endgroup]
2026-04-11T04:38:25.0628089Z [command]/usr/bin/git log -1 --format=%H
2026-04-11T04:38:25.0650855Z b7baa392e914d72df54c09e016fa7535373ad574


--- FILE: build/3_Login to Docker Hub.txt ---
﻿2026-04-11T04:38:25.0855346Z ##[group]Run docker/login-action@v3
2026-04-11T04:38:25.0855971Z with:
2026-04-11T04:38:25.0856667Z   username: ***
2026-04-11T04:38:25.0857114Z   password: ***
2026-04-11T04:38:25.0857475Z   logout: true
2026-04-11T04:38:25.0857729Z ##[endgroup]
2026-04-11T04:38:25.3820079Z Logging into docker.io...
2026-04-11T04:38:25.6114777Z ##[error]Error response from daemon: Get "https://registry-1.docker.io/v2/": unauthorized: incorrect username or password


--- FILE: build/system.txt ---
2026-04-11T04:38:20.4440000Z Evaluating build.if
2026-04-11T04:38:20.4440000Z Evaluating: success()
2026-04-11T04:38:20.4440000Z Result: true
2026-04-11T04:38:20.4440000Z Requested labels: ubuntu-latest
2026-04-11T04:38:20.4440000Z Job defined at: VarunChavda78/SSF/.github/workflows/ci.yml@refs/heads/main
2026-04-11T04:38:20.4440000Z Waiting for a runner to pick up this job...
2026-04-11T04:38:20.9550000Z Job is about to start running on the hosted runner: GitHub Actions 1000000446
2026-04-11T04:38:20.9550000Z Job is waiting for a hosted runner to come online.
