--- FILE: build/1_Set up job.txt ---
﻿2026-04-11T09:56:10.7808101Z Current runner version: '2.333.1'
2026-04-11T09:56:10.7844187Z ##[group]Runner Image Provisioner
2026-04-11T09:56:10.7845393Z Hosted Compute Agent
2026-04-11T09:56:10.7846388Z Version: 20260213.493
2026-04-11T09:56:10.7847346Z Commit: 5c115507f6dd24b8de37d8bbe0bb4509d0cc0fa3
2026-04-11T09:56:10.7848357Z Build Date: 2026-02-13T00:28:41Z
2026-04-11T09:56:10.7849371Z Worker ID: {39b0659a-ee50-4a27-9168-1dfb6c19e28f}
2026-04-11T09:56:10.7850341Z Azure Region: eastus
2026-04-11T09:56:10.7851395Z ##[endgroup]
2026-04-11T09:56:10.7853388Z ##[group]Operating System
2026-04-11T09:56:10.7854277Z Ubuntu
2026-04-11T09:56:10.7855100Z 24.04.4
2026-04-11T09:56:10.7855724Z LTS
2026-04-11T09:56:10.7856386Z ##[endgroup]
2026-04-11T09:56:10.7857849Z ##[group]Runner Image
2026-04-11T09:56:10.7858735Z Image: ubuntu-24.04
2026-04-11T09:56:10.7859557Z Version: 20260406.80.1
2026-04-11T09:56:10.7861454Z Included Software: https://github.com/actions/runner-images/blob/ubuntu24/20260406.80/images/ubuntu/Ubuntu2404-Readme.md
2026-04-11T09:56:10.7864238Z Image Release: https://github.com/actions/runner-images/releases/tag/ubuntu24%2F20260406.80
2026-04-11T09:56:10.7865741Z ##[endgroup]
2026-04-11T09:56:10.7867237Z ##[group]GITHUB_TOKEN Permissions
2026-04-11T09:56:10.7870088Z Contents: read
2026-04-11T09:56:10.7871082Z Metadata: read
2026-04-11T09:56:10.7871938Z ##[endgroup]
2026-04-11T09:56:10.7875200Z Secret source: Actions
2026-04-11T09:56:10.7876625Z Prepare workflow directory
2026-04-11T09:56:10.8324518Z Prepare all required actions
2026-04-11T09:56:10.8379049Z Getting action download info
2026-04-11T09:56:11.1321368Z Download action repository 'actions/checkout@v4' (SHA:34e114876b0b11c390a56381ad16ebd13914f8d5)
2026-04-11T09:56:11.2693306Z Download action repository 'docker/login-action@v3' (SHA:c94ce9fb468520275223c153574b00df6fe4bcc9)
2026-04-11T09:56:11.7093766Z Complete job name: build


--- FILE: build/2_Checkout code.txt ---
﻿2026-04-11T09:56:11.7885245Z ##[group]Run actions/checkout@v4
2026-04-11T09:56:11.7886117Z with:
2026-04-11T09:56:11.7886533Z   repository: VarunChavda78/SSF
2026-04-11T09:56:11.7887242Z   token: ***
2026-04-11T09:56:11.7887638Z   ssh-strict: true
2026-04-11T09:56:11.7888048Z   ssh-user: git
2026-04-11T09:56:11.7888458Z   persist-credentials: true
2026-04-11T09:56:11.7888897Z   clean: true
2026-04-11T09:56:11.7889304Z   sparse-checkout-cone-mode: true
2026-04-11T09:56:11.7889839Z   fetch-depth: 1
2026-04-11T09:56:11.7890232Z   fetch-tags: false
2026-04-11T09:56:11.7890632Z   show-progress: true
2026-04-11T09:56:11.7891304Z   lfs: false
2026-04-11T09:56:11.7891683Z   submodules: false
2026-04-11T09:56:11.7892087Z   set-safe-directory: true
2026-04-11T09:56:11.7892766Z ##[endgroup]
2026-04-11T09:56:11.9076797Z Syncing repository: VarunChavda78/SSF
2026-04-11T09:56:11.9078577Z ##[group]Getting Git version info
2026-04-11T09:56:11.9079199Z Working directory is '/home/runner/work/SSF/SSF'
2026-04-11T09:56:11.9080083Z [command]/usr/bin/git version
2026-04-11T09:56:11.9126230Z git version 2.53.0
2026-04-11T09:56:11.9150406Z ##[endgroup]
2026-04-11T09:56:11.9165099Z Temporarily overriding HOME='/home/runner/work/_temp/cd413393-8787-45dc-bf3e-7c38a103d87e' before making global git config changes
2026-04-11T09:56:11.9178216Z Adding repository directory to the temporary git global config as a safe directory
2026-04-11T09:56:11.9179285Z [command]/usr/bin/git config --global --add safe.directory /home/runner/work/SSF/SSF
2026-04-11T09:56:11.9212377Z Deleting the contents of '/home/runner/work/SSF/SSF'
2026-04-11T09:56:11.9215983Z ##[group]Initializing the repository
2026-04-11T09:56:11.9219882Z [command]/usr/bin/git init /home/runner/work/SSF/SSF
2026-04-11T09:56:11.9279988Z hint: Using 'master' as the name for the initial branch. This default branch name
2026-04-11T09:56:11.9281759Z hint: will change to "main" in Git 3.0. To configure the initial branch name
2026-04-11T09:56:11.9283226Z hint: to use in all of your new repositories, which will suppress this warning,
2026-04-11T09:56:11.9284403Z hint: call:
2026-04-11T09:56:11.9284982Z hint:
2026-04-11T09:56:11.9286032Z hint: 	git config --global init.defaultBranch <name>
2026-04-11T09:56:11.9287350Z hint:
2026-04-11T09:56:11.9288252Z hint: Names commonly chosen instead of 'master' are 'main', 'trunk' and
2026-04-11T09:56:11.9289658Z hint: 'development'. The just-created branch can be renamed via this command:
2026-04-11T09:56:11.9291036Z hint:
2026-04-11T09:56:11.9291665Z hint: 	git branch -m <name>
2026-04-11T09:56:11.9292361Z hint:
2026-04-11T09:56:11.9293285Z hint: Disable this message with "git config set advice.defaultBranchName false"
2026-04-11T09:56:11.9295052Z Initialized empty Git repository in /home/runner/work/SSF/SSF/.git/
2026-04-11T09:56:11.9297380Z [command]/usr/bin/git remote add origin https://github.com/VarunChavda78/SSF
2026-04-11T09:56:11.9326571Z ##[endgroup]
2026-04-11T09:56:11.9327688Z ##[group]Disabling automatic garbage collection
2026-04-11T09:56:11.9331649Z [command]/usr/bin/git config --local gc.auto 0
2026-04-11T09:56:11.9360491Z ##[endgroup]
2026-04-11T09:56:11.9361334Z ##[group]Setting up auth
2026-04-11T09:56:11.9367193Z [command]/usr/bin/git config --local --name-only --get-regexp core\.sshCommand
2026-04-11T09:56:11.9398522Z [command]/usr/bin/git submodule foreach --recursive sh -c "git config --local --name-only --get-regexp 'core\.sshCommand' && git config --local --unset-all 'core.sshCommand' || :"
2026-04-11T09:56:11.9681614Z [command]/usr/bin/git config --local --name-only --get-regexp http\.https\:\/\/github\.com\/\.extraheader
2026-04-11T09:56:11.9712926Z [command]/usr/bin/git submodule foreach --recursive sh -c "git config --local --name-only --get-regexp 'http\.https\:\/\/github\.com\/\.extraheader' && git config --local --unset-all 'http.https://github.com/.extraheader' || :"
2026-04-11T09:56:11.9947402Z [command]/usr/bin/git config --local --name-only --get-regexp ^includeIf\.gitdir:
2026-04-11T09:56:11.9979692Z [command]/usr/bin/git submodule foreach --recursive git config --local --show-origin --name-only --get-regexp remote.origin.url
2026-04-11T09:56:12.0221804Z [command]/usr/bin/git config --local http.https://github.com/.extraheader AUTHORIZATION: basic ***
2026-04-11T09:56:12.0257532Z ##[endgroup]
2026-04-11T09:56:12.0258650Z ##[group]Fetching the repository
2026-04-11T09:56:12.0267211Z [command]/usr/bin/git -c protocol.version=2 fetch --no-tags --prune --no-recurse-submodules --depth=1 origin +b7baa392e914d72df54c09e016fa7535373ad574:refs/remotes/origin/main
2026-04-11T09:56:12.8009202Z From https://github.com/VarunChavda78/SSF
2026-04-11T09:56:12.8011824Z  * [new ref]         b7baa392e914d72df54c09e016fa7535373ad574 -> origin/main
2026-04-11T09:56:12.8037879Z ##[endgroup]
2026-04-11T09:56:12.8039520Z ##[group]Determining the checkout info
2026-04-11T09:56:12.8041518Z ##[endgroup]
2026-04-11T09:56:12.8046109Z [command]/usr/bin/git sparse-checkout disable
2026-04-11T09:56:12.8085591Z [command]/usr/bin/git config --local --unset-all extensions.worktreeConfig
2026-04-11T09:56:12.8113445Z ##[group]Checking out the ref
2026-04-11T09:56:12.8118007Z [command]/usr/bin/git checkout --progress --force -B main refs/remotes/origin/main
2026-04-11T09:56:13.3885783Z Switched to a new branch 'main'
2026-04-11T09:56:13.3886594Z branch 'main' set up to track 'origin/main'.
2026-04-11T09:56:13.3904842Z ##[endgroup]
2026-04-11T09:56:13.3944911Z [command]/usr/bin/git log -1 --format=%H
2026-04-11T09:56:13.3968205Z b7baa392e914d72df54c09e016fa7535373ad574


--- FILE: build/3_Login to Docker Hub.txt ---
﻿2026-04-11T09:56:13.4182200Z ##[group]Run docker/login-action@v3
2026-04-11T09:56:13.4182731Z with:
2026-04-11T09:56:13.4183393Z   username: ***
2026-04-11T09:56:13.4183804Z   password: ***
2026-04-11T09:56:13.4184228Z   logout: true
2026-04-11T09:56:13.4184602Z ##[endgroup]
2026-04-11T09:56:13.7318010Z Logging into docker.io...
2026-04-11T09:56:14.1915439Z ##[error]Error response from daemon: Get "https://registry-1.docker.io/v2/": unauthorized: incorrect username or password


--- FILE: build/system.txt ---
2026-04-11T09:56:08.9450000Z Job is waiting for a hosted runner to come online.
2026-04-11T09:56:08.9450000Z Job is about to start running on the hosted runner: GitHub Actions 1000000454
2026-04-11T09:56:08.9400000Z Requested labels: ubuntu-latest
2026-04-11T09:56:08.9400000Z Job defined at: VarunChavda78/SSF/.github/workflows/ci.yml@refs/heads/main
2026-04-11T09:56:08.9400000Z Waiting for a runner to pick up this job...
2026-04-11T09:56:08.9390000Z Evaluating build.if
2026-04-11T09:56:08.9390000Z Evaluating: success()
2026-04-11T09:56:08.9390000Z Result: true
