--- FILE: build/1_Set up job.txt ---
﻿2026-04-11T07:03:54.1756874Z Current runner version: '2.333.1'
2026-04-11T07:03:54.1787926Z ##[group]Runner Image Provisioner
2026-04-11T07:03:54.1788962Z Hosted Compute Agent
2026-04-11T07:03:54.1789816Z Version: 20260213.493
2026-04-11T07:03:54.1790735Z Commit: 5c115507f6dd24b8de37d8bbe0bb4509d0cc0fa3
2026-04-11T07:03:54.1791459Z Build Date: 2026-02-13T00:28:41Z
2026-04-11T07:03:54.1792079Z Worker ID: {e830f156-47d6-48f8-9ecb-4f60bfb09d0c}
2026-04-11T07:03:54.1792865Z Azure Region: eastus2
2026-04-11T07:03:54.1793404Z ##[endgroup]
2026-04-11T07:03:54.1794859Z ##[group]Operating System
2026-04-11T07:03:54.1795559Z Ubuntu
2026-04-11T07:03:54.1796065Z 24.04.4
2026-04-11T07:03:54.1796493Z LTS
2026-04-11T07:03:54.1797024Z ##[endgroup]
2026-04-11T07:03:54.1797526Z ##[group]Runner Image
2026-04-11T07:03:54.1798144Z Image: ubuntu-24.04
2026-04-11T07:03:54.1798642Z Version: 20260406.80.1
2026-04-11T07:03:54.1799904Z Included Software: https://github.com/actions/runner-images/blob/ubuntu24/20260406.80/images/ubuntu/Ubuntu2404-Readme.md
2026-04-11T07:03:54.1801633Z Image Release: https://github.com/actions/runner-images/releases/tag/ubuntu24%2F20260406.80
2026-04-11T07:03:54.1802585Z ##[endgroup]
2026-04-11T07:03:54.1803644Z ##[group]GITHUB_TOKEN Permissions
2026-04-11T07:03:54.1805640Z Contents: read
2026-04-11T07:03:54.1806299Z Metadata: read
2026-04-11T07:03:54.1806804Z ##[endgroup]
2026-04-11T07:03:54.1809174Z Secret source: Actions
2026-04-11T07:03:54.1810394Z Prepare workflow directory
2026-04-11T07:03:54.2286398Z Prepare all required actions
2026-04-11T07:03:54.2341980Z Getting action download info
2026-04-11T07:03:54.5554133Z Download action repository 'actions/checkout@v4' (SHA:34e114876b0b11c390a56381ad16ebd13914f8d5)
2026-04-11T07:03:54.6683318Z Download action repository 'docker/login-action@v3' (SHA:c94ce9fb468520275223c153574b00df6fe4bcc9)
2026-04-11T07:03:55.0927569Z Complete job name: build


--- FILE: build/2_Checkout code.txt ---
﻿2026-04-11T07:03:55.1707002Z ##[group]Run actions/checkout@v4
2026-04-11T07:03:55.1708311Z with:
2026-04-11T07:03:55.1708977Z   repository: VarunChavda78/SSF
2026-04-11T07:03:55.1710348Z   token: ***
2026-04-11T07:03:55.1710999Z   ssh-strict: true
2026-04-11T07:03:55.1711676Z   ssh-user: git
2026-04-11T07:03:55.1712362Z   persist-credentials: true
2026-04-11T07:03:55.1713112Z   clean: true
2026-04-11T07:03:55.1713799Z   sparse-checkout-cone-mode: true
2026-04-11T07:03:55.1714648Z   fetch-depth: 1
2026-04-11T07:03:55.1715363Z   fetch-tags: false
2026-04-11T07:03:55.1716109Z   show-progress: true
2026-04-11T07:03:55.1716912Z   lfs: false
2026-04-11T07:03:55.1717614Z   submodules: false
2026-04-11T07:03:55.1718336Z   set-safe-directory: true
2026-04-11T07:03:55.1719744Z ##[endgroup]
2026-04-11T07:03:55.2930388Z Syncing repository: VarunChavda78/SSF
2026-04-11T07:03:55.2932108Z ##[group]Getting Git version info
2026-04-11T07:03:55.2932751Z Working directory is '/home/runner/work/SSF/SSF'
2026-04-11T07:03:55.2933629Z [command]/usr/bin/git version
2026-04-11T07:03:55.2984624Z git version 2.53.0
2026-04-11T07:03:55.3011436Z ##[endgroup]
2026-04-11T07:03:55.3025707Z Temporarily overriding HOME='/home/runner/work/_temp/0604211f-3d34-4551-b1a3-47c4b7acdd37' before making global git config changes
2026-04-11T07:03:55.3027222Z Adding repository directory to the temporary git global config as a safe directory
2026-04-11T07:03:55.3038249Z [command]/usr/bin/git config --global --add safe.directory /home/runner/work/SSF/SSF
2026-04-11T07:03:55.3070439Z Deleting the contents of '/home/runner/work/SSF/SSF'
2026-04-11T07:03:55.3074341Z ##[group]Initializing the repository
2026-04-11T07:03:55.3078114Z [command]/usr/bin/git init /home/runner/work/SSF/SSF
2026-04-11T07:03:55.3174158Z hint: Using 'master' as the name for the initial branch. This default branch name
2026-04-11T07:03:55.3175811Z hint: will change to "main" in Git 3.0. To configure the initial branch name
2026-04-11T07:03:55.3176875Z hint: to use in all of your new repositories, which will suppress this warning,
2026-04-11T07:03:55.3177681Z hint: call:
2026-04-11T07:03:55.3178081Z hint:
2026-04-11T07:03:55.3179015Z hint: 	git config --global init.defaultBranch <name>
2026-04-11T07:03:55.3180133Z hint:
2026-04-11T07:03:55.3180924Z hint: Names commonly chosen instead of 'master' are 'main', 'trunk' and
2026-04-11T07:03:55.3181859Z hint: 'development'. The just-created branch can be renamed via this command:
2026-04-11T07:03:55.3182542Z hint:
2026-04-11T07:03:55.3182932Z hint: 	git branch -m <name>
2026-04-11T07:03:55.3183376Z hint:
2026-04-11T07:03:55.3183961Z hint: Disable this message with "git config set advice.defaultBranchName false"
2026-04-11T07:03:55.3184863Z Initialized empty Git repository in /home/runner/work/SSF/SSF/.git/
2026-04-11T07:03:55.3187617Z [command]/usr/bin/git remote add origin https://github.com/VarunChavda78/SSF
2026-04-11T07:03:55.3216178Z ##[endgroup]
2026-04-11T07:03:55.3216922Z ##[group]Disabling automatic garbage collection
2026-04-11T07:03:55.3220707Z [command]/usr/bin/git config --local gc.auto 0
2026-04-11T07:03:55.3247256Z ##[endgroup]
2026-04-11T07:03:55.3247955Z ##[group]Setting up auth
2026-04-11T07:03:55.3254566Z [command]/usr/bin/git config --local --name-only --get-regexp core\.sshCommand
2026-04-11T07:03:55.3283386Z [command]/usr/bin/git submodule foreach --recursive sh -c "git config --local --name-only --get-regexp 'core\.sshCommand' && git config --local --unset-all 'core.sshCommand' || :"
2026-04-11T07:03:55.3567058Z [command]/usr/bin/git config --local --name-only --get-regexp http\.https\:\/\/github\.com\/\.extraheader
2026-04-11T07:03:55.3594769Z [command]/usr/bin/git submodule foreach --recursive sh -c "git config --local --name-only --get-regexp 'http\.https\:\/\/github\.com\/\.extraheader' && git config --local --unset-all 'http.https://github.com/.extraheader' || :"
2026-04-11T07:03:55.3807669Z [command]/usr/bin/git config --local --name-only --get-regexp ^includeIf\.gitdir:
2026-04-11T07:03:55.3845958Z [command]/usr/bin/git submodule foreach --recursive git config --local --show-origin --name-only --get-regexp remote.origin.url
2026-04-11T07:03:55.4068681Z [command]/usr/bin/git config --local http.https://github.com/.extraheader AUTHORIZATION: basic ***
2026-04-11T07:03:55.4102764Z ##[endgroup]
2026-04-11T07:03:55.4104013Z ##[group]Fetching the repository
2026-04-11T07:03:55.4112582Z [command]/usr/bin/git -c protocol.version=2 fetch --no-tags --prune --no-recurse-submodules --depth=1 origin +b7baa392e914d72df54c09e016fa7535373ad574:refs/remotes/origin/main
2026-04-11T07:03:56.1254016Z From https://github.com/VarunChavda78/SSF
2026-04-11T07:03:56.1256426Z  * [new ref]         b7baa392e914d72df54c09e016fa7535373ad574 -> origin/main
2026-04-11T07:03:56.1283137Z ##[endgroup]
2026-04-11T07:03:56.1284192Z ##[group]Determining the checkout info
2026-04-11T07:03:56.1285578Z ##[endgroup]
2026-04-11T07:03:56.1290257Z [command]/usr/bin/git sparse-checkout disable
2026-04-11T07:03:56.1325935Z [command]/usr/bin/git config --local --unset-all extensions.worktreeConfig
2026-04-11T07:03:56.1353521Z ##[group]Checking out the ref
2026-04-11T07:03:56.1356688Z [command]/usr/bin/git checkout --progress --force -B main refs/remotes/origin/main
2026-04-11T07:03:56.7067329Z Switched to a new branch 'main'
2026-04-11T07:03:56.7069336Z branch 'main' set up to track 'origin/main'.
2026-04-11T07:03:56.7088743Z ##[endgroup]
2026-04-11T07:03:56.7126396Z [command]/usr/bin/git log -1 --format=%H
2026-04-11T07:03:56.7147861Z b7baa392e914d72df54c09e016fa7535373ad574


--- FILE: build/3_Login to Docker Hub.txt ---
﻿2026-04-11T07:03:56.7361002Z ##[group]Run docker/login-action@v3
2026-04-11T07:03:56.7361536Z with:
2026-04-11T07:03:56.7362152Z   username: ***
2026-04-11T07:03:56.7362560Z   password: ***
2026-04-11T07:03:56.7362932Z   logout: true
2026-04-11T07:03:56.7363280Z ##[endgroup]
2026-04-11T07:03:57.0348213Z Logging into docker.io...
2026-04-11T07:03:57.1583235Z ##[error]Error response from daemon: Get "https://registry-1.docker.io/v2/": unauthorized: incorrect username or password


--- FILE: build/system.txt ---
2026-04-11T07:03:51.9210000Z Requested labels: ubuntu-latest
2026-04-11T07:03:51.9210000Z Job defined at: VarunChavda78/SSF/.github/workflows/ci.yml@refs/heads/main
2026-04-11T07:03:51.9210000Z Waiting for a runner to pick up this job...
2026-04-11T07:03:51.9200000Z Evaluating build.if
2026-04-11T07:03:51.9200000Z Evaluating: success()
2026-04-11T07:03:51.9200000Z Result: true
2026-04-11T07:03:52.4150000Z Job is about to start running on the hosted runner: GitHub Actions 1000000452
2026-04-11T07:03:52.4150000Z Job is waiting for a hosted runner to come online.
