--- FILE: build/1_Set up job.txt ---
﻿2026-04-11T04:41:36.7577524Z Current runner version: '2.333.1'
2026-04-11T04:41:36.7612454Z ##[group]Runner Image Provisioner
2026-04-11T04:41:36.7613693Z Hosted Compute Agent
2026-04-11T04:41:36.7614714Z Version: 20260213.493
2026-04-11T04:41:36.7615587Z Commit: 5c115507f6dd24b8de37d8bbe0bb4509d0cc0fa3
2026-04-11T04:41:36.7616691Z Build Date: 2026-02-13T00:28:41Z
2026-04-11T04:41:36.7617811Z Worker ID: {d70355f7-a7dc-47de-a794-34615659343e}
2026-04-11T04:41:36.7618776Z Azure Region: eastus
2026-04-11T04:41:36.7619636Z ##[endgroup]
2026-04-11T04:41:36.7622331Z ##[group]Operating System
2026-04-11T04:41:36.7623286Z Ubuntu
2026-04-11T04:41:36.7624029Z 24.04.4
2026-04-11T04:41:36.7624753Z LTS
2026-04-11T04:41:36.7625440Z ##[endgroup]
2026-04-11T04:41:36.7626241Z ##[group]Runner Image
2026-04-11T04:41:36.7627083Z Image: ubuntu-24.04
2026-04-11T04:41:36.7627909Z Version: 20260406.80.1
2026-04-11T04:41:36.7629606Z Included Software: https://github.com/actions/runner-images/blob/ubuntu24/20260406.80/images/ubuntu/Ubuntu2404-Readme.md
2026-04-11T04:41:36.7632639Z Image Release: https://github.com/actions/runner-images/releases/tag/ubuntu24%2F20260406.80
2026-04-11T04:41:36.7634246Z ##[endgroup]
2026-04-11T04:41:36.7635903Z ##[group]GITHUB_TOKEN Permissions
2026-04-11T04:41:36.7638875Z Contents: read
2026-04-11T04:41:36.7639703Z Metadata: read
2026-04-11T04:41:36.7640699Z ##[endgroup]
2026-04-11T04:41:36.7644113Z Secret source: Actions
2026-04-11T04:41:36.7645763Z Prepare workflow directory
2026-04-11T04:41:36.8107031Z Prepare all required actions
2026-04-11T04:41:36.8162045Z Getting action download info
2026-04-11T04:41:37.0608564Z Download action repository 'actions/checkout@v4' (SHA:34e114876b0b11c390a56381ad16ebd13914f8d5)
2026-04-11T04:41:37.1715632Z Download action repository 'docker/login-action@v3' (SHA:c94ce9fb468520275223c153574b00df6fe4bcc9)
2026-04-11T04:41:37.5435145Z Complete job name: build


--- FILE: build/2_Checkout code.txt ---
﻿2026-04-11T04:41:37.6126201Z ##[group]Run actions/checkout@v4
2026-04-11T04:41:37.6126999Z with:
2026-04-11T04:41:37.6127417Z   repository: VarunChavda78/SSF
2026-04-11T04:41:37.6128083Z   token: ***
2026-04-11T04:41:37.6128486Z   ssh-strict: true
2026-04-11T04:41:37.6128892Z   ssh-user: git
2026-04-11T04:41:37.6129296Z   persist-credentials: true
2026-04-11T04:41:37.6129743Z   clean: true
2026-04-11T04:41:37.6130146Z   sparse-checkout-cone-mode: true
2026-04-11T04:41:37.6130623Z   fetch-depth: 1
2026-04-11T04:41:37.6131001Z   fetch-tags: false
2026-04-11T04:41:37.6131397Z   show-progress: true
2026-04-11T04:41:37.6131980Z   lfs: false
2026-04-11T04:41:37.6132352Z   submodules: false
2026-04-11T04:41:37.6132756Z   set-safe-directory: true
2026-04-11T04:41:37.6133384Z ##[endgroup]
2026-04-11T04:41:37.7221200Z Syncing repository: VarunChavda78/SSF
2026-04-11T04:41:37.7223890Z ##[group]Getting Git version info
2026-04-11T04:41:37.7224808Z Working directory is '/home/runner/work/SSF/SSF'
2026-04-11T04:41:37.7225843Z [command]/usr/bin/git version
2026-04-11T04:41:37.7272116Z git version 2.53.0
2026-04-11T04:41:37.7310082Z ##[endgroup]
2026-04-11T04:41:37.7324942Z Temporarily overriding HOME='/home/runner/work/_temp/36a104b7-ae48-4d14-9ea4-ea68c78a9f15' before making global git config changes
2026-04-11T04:41:37.7326303Z Adding repository directory to the temporary git global config as a safe directory
2026-04-11T04:41:37.7339707Z [command]/usr/bin/git config --global --add safe.directory /home/runner/work/SSF/SSF
2026-04-11T04:41:37.7377266Z Deleting the contents of '/home/runner/work/SSF/SSF'
2026-04-11T04:41:37.7380840Z ##[group]Initializing the repository
2026-04-11T04:41:37.7386118Z [command]/usr/bin/git init /home/runner/work/SSF/SSF
2026-04-11T04:41:37.7447558Z hint: Using 'master' as the name for the initial branch. This default branch name
2026-04-11T04:41:37.7449539Z hint: will change to "main" in Git 3.0. To configure the initial branch name
2026-04-11T04:41:37.7451337Z hint: to use in all of your new repositories, which will suppress this warning,
2026-04-11T04:41:37.7452517Z hint: call:
2026-04-11T04:41:37.7452902Z hint:
2026-04-11T04:41:37.7453394Z hint: 	git config --global init.defaultBranch <name>
2026-04-11T04:41:37.7454263Z hint:
2026-04-11T04:41:37.7454800Z hint: Names commonly chosen instead of 'master' are 'main', 'trunk' and
2026-04-11T04:41:37.7455677Z hint: 'development'. The just-created branch can be renamed via this command:
2026-04-11T04:41:37.7456363Z hint:
2026-04-11T04:41:37.7456740Z hint: 	git branch -m <name>
2026-04-11T04:41:37.7457183Z hint:
2026-04-11T04:41:37.7457765Z hint: Disable this message with "git config set advice.defaultBranchName false"
2026-04-11T04:41:37.7459106Z Initialized empty Git repository in /home/runner/work/SSF/SSF/.git/
2026-04-11T04:41:37.7466657Z [command]/usr/bin/git remote add origin https://github.com/VarunChavda78/SSF
2026-04-11T04:41:37.7501898Z ##[endgroup]
2026-04-11T04:41:37.7502703Z ##[group]Disabling automatic garbage collection
2026-04-11T04:41:37.7507399Z [command]/usr/bin/git config --local gc.auto 0
2026-04-11T04:41:37.7540101Z ##[endgroup]
2026-04-11T04:41:37.7550613Z ##[group]Setting up auth
2026-04-11T04:41:37.7551393Z [command]/usr/bin/git config --local --name-only --get-regexp core\.sshCommand
2026-04-11T04:41:37.7587009Z [command]/usr/bin/git submodule foreach --recursive sh -c "git config --local --name-only --get-regexp 'core\.sshCommand' && git config --local --unset-all 'core.sshCommand' || :"
2026-04-11T04:41:37.7908199Z [command]/usr/bin/git config --local --name-only --get-regexp http\.https\:\/\/github\.com\/\.extraheader
2026-04-11T04:41:37.7948852Z [command]/usr/bin/git submodule foreach --recursive sh -c "git config --local --name-only --get-regexp 'http\.https\:\/\/github\.com\/\.extraheader' && git config --local --unset-all 'http.https://github.com/.extraheader' || :"
2026-04-11T04:41:37.8205891Z [command]/usr/bin/git config --local --name-only --get-regexp ^includeIf\.gitdir:
2026-04-11T04:41:37.8242742Z [command]/usr/bin/git submodule foreach --recursive git config --local --show-origin --name-only --get-regexp remote.origin.url
2026-04-11T04:41:37.8504396Z [command]/usr/bin/git config --local http.https://github.com/.extraheader AUTHORIZATION: basic ***
2026-04-11T04:41:37.8541106Z ##[endgroup]
2026-04-11T04:41:37.8542691Z ##[group]Fetching the repository
2026-04-11T04:41:37.8550792Z [command]/usr/bin/git -c protocol.version=2 fetch --no-tags --prune --no-recurse-submodules --depth=1 origin +b7baa392e914d72df54c09e016fa7535373ad574:refs/remotes/origin/main
2026-04-11T04:41:38.5602722Z From https://github.com/VarunChavda78/SSF
2026-04-11T04:41:38.5604502Z  * [new ref]         b7baa392e914d72df54c09e016fa7535373ad574 -> origin/main
2026-04-11T04:41:38.5634669Z ##[endgroup]
2026-04-11T04:41:38.5636327Z ##[group]Determining the checkout info
2026-04-11T04:41:38.5638032Z ##[endgroup]
2026-04-11T04:41:38.5643916Z [command]/usr/bin/git sparse-checkout disable
2026-04-11T04:41:38.5684645Z [command]/usr/bin/git config --local --unset-all extensions.worktreeConfig
2026-04-11T04:41:38.5715055Z ##[group]Checking out the ref
2026-04-11T04:41:38.5719387Z [command]/usr/bin/git checkout --progress --force -B main refs/remotes/origin/main
2026-04-11T04:41:39.1476891Z Switched to a new branch 'main'
2026-04-11T04:41:39.1478367Z branch 'main' set up to track 'origin/main'.
2026-04-11T04:41:39.1501029Z ##[endgroup]
2026-04-11T04:41:39.1543363Z [command]/usr/bin/git log -1 --format=%H
2026-04-11T04:41:39.1568594Z b7baa392e914d72df54c09e016fa7535373ad574


--- FILE: build/3_Login to Docker Hub.txt ---
﻿2026-04-11T04:41:39.1779050Z ##[group]Run docker/login-action@v3
2026-04-11T04:41:39.1779438Z with:
2026-04-11T04:41:39.1779970Z   username: ***
2026-04-11T04:41:39.1780235Z   password: ***
2026-04-11T04:41:39.1780462Z   logout: true
2026-04-11T04:41:39.1780706Z ##[endgroup]
2026-04-11T04:41:39.4766149Z Logging into docker.io...
2026-04-11T04:41:39.6661383Z ##[error]Error response from daemon: Get "https://registry-1.docker.io/v2/": unauthorized: incorrect username or password


--- FILE: build/system.txt ---
2026-04-11T04:41:34.9090000Z Job is waiting for a hosted runner to come online.
2026-04-11T04:41:34.9090000Z Job is about to start running on the hosted runner: GitHub Actions 1000000447
2026-04-11T04:41:34.8980000Z Evaluating build.if
2026-04-11T04:41:34.8980000Z Evaluating: success()
2026-04-11T04:41:34.8980000Z Result: true
2026-04-11T04:41:34.9010000Z Requested labels: ubuntu-latest
2026-04-11T04:41:34.9010000Z Job defined at: VarunChavda78/SSF/.github/workflows/ci.yml@refs/heads/main
2026-04-11T04:41:34.9010000Z Waiting for a runner to pick up this job...
