--- FILE: build/1_Set up job.txt ---
﻿2026-04-11T11:56:27.1987039Z Current runner version: '2.333.1'
2026-04-11T11:56:27.2013540Z ##[group]Runner Image Provisioner
2026-04-11T11:56:27.2014491Z Hosted Compute Agent
2026-04-11T11:56:27.2015074Z Version: 20260213.493
2026-04-11T11:56:27.2015725Z Commit: 5c115507f6dd24b8de37d8bbe0bb4509d0cc0fa3
2026-04-11T11:56:27.2016556Z Build Date: 2026-02-13T00:28:41Z
2026-04-11T11:56:27.2017302Z Worker ID: {b5b791a6-a460-4dc2-9e59-55f8d312c378}
2026-04-11T11:56:27.2017955Z Azure Region: centralus
2026-04-11T11:56:27.2018523Z ##[endgroup]
2026-04-11T11:56:27.2020149Z ##[group]Operating System
2026-04-11T11:56:27.2020737Z Ubuntu
2026-04-11T11:56:27.2021274Z 24.04.4
2026-04-11T11:56:27.2021800Z LTS
2026-04-11T11:56:27.2022241Z ##[endgroup]
2026-04-11T11:56:27.2023079Z ##[group]Runner Image
2026-04-11T11:56:27.2023687Z Image: ubuntu-24.04
2026-04-11T11:56:27.2024183Z Version: 20260406.80.1
2026-04-11T11:56:27.2025225Z Included Software: https://github.com/actions/runner-images/blob/ubuntu24/20260406.80/images/ubuntu/Ubuntu2404-Readme.md
2026-04-11T11:56:27.2026913Z Image Release: https://github.com/actions/runner-images/releases/tag/ubuntu24%2F20260406.80
2026-04-11T11:56:27.2027910Z ##[endgroup]
2026-04-11T11:56:27.2028931Z ##[group]GITHUB_TOKEN Permissions
2026-04-11T11:56:27.2031012Z Contents: read
2026-04-11T11:56:27.2031667Z Metadata: read
2026-04-11T11:56:27.2032197Z ##[endgroup]
2026-04-11T11:56:27.2034484Z Secret source: Actions
2026-04-11T11:56:27.2035519Z Prepare workflow directory
2026-04-11T11:56:27.2375019Z Prepare all required actions
2026-04-11T11:56:27.2415522Z Getting action download info
2026-04-11T11:56:27.6062632Z Download action repository 'actions/checkout@v4' (SHA:34e114876b0b11c390a56381ad16ebd13914f8d5)
2026-04-11T11:56:27.7857527Z Download action repository 'docker/login-action@v3' (SHA:c94ce9fb468520275223c153574b00df6fe4bcc9)
2026-04-11T11:56:28.6906672Z Complete job name: build


--- FILE: build/2_Checkout code.txt ---
﻿2026-04-11T11:56:28.7777324Z ##[group]Run actions/checkout@v4
2026-04-11T11:56:28.7778711Z with:
2026-04-11T11:56:28.7779579Z   repository: VarunChavda78/SSF
2026-04-11T11:56:28.7780954Z   token: ***
2026-04-11T11:56:28.7781743Z   ssh-strict: true
2026-04-11T11:56:28.7782837Z   ssh-user: git
2026-04-11T11:56:28.7783687Z   persist-credentials: true
2026-04-11T11:56:28.7784634Z   clean: true
2026-04-11T11:56:28.7785495Z   sparse-checkout-cone-mode: true
2026-04-11T11:56:28.7786535Z   fetch-depth: 1
2026-04-11T11:56:28.7787361Z   fetch-tags: false
2026-04-11T11:56:28.7788224Z   show-progress: true
2026-04-11T11:56:28.7789096Z   lfs: false
2026-04-11T11:56:28.7789895Z   submodules: false
2026-04-11T11:56:28.7790773Z   set-safe-directory: true
2026-04-11T11:56:28.7792004Z ##[endgroup]
2026-04-11T11:56:28.8904312Z Syncing repository: VarunChavda78/SSF
2026-04-11T11:56:28.8907138Z ##[group]Getting Git version info
2026-04-11T11:56:28.8908425Z Working directory is '/home/runner/work/SSF/SSF'
2026-04-11T11:56:28.8910285Z [command]/usr/bin/git version
2026-04-11T11:56:28.8936618Z git version 2.53.0
2026-04-11T11:56:28.8964170Z ##[endgroup]
2026-04-11T11:56:28.8986383Z Temporarily overriding HOME='/home/runner/work/_temp/0b56960b-5366-4562-8d0d-aaf060f48112' before making global git config changes
2026-04-11T11:56:28.8989364Z Adding repository directory to the temporary git global config as a safe directory
2026-04-11T11:56:28.8992144Z [command]/usr/bin/git config --global --add safe.directory /home/runner/work/SSF/SSF
2026-04-11T11:56:28.9023272Z Deleting the contents of '/home/runner/work/SSF/SSF'
2026-04-11T11:56:28.9027290Z ##[group]Initializing the repository
2026-04-11T11:56:28.9030879Z [command]/usr/bin/git init /home/runner/work/SSF/SSF
2026-04-11T11:56:28.9124557Z hint: Using 'master' as the name for the initial branch. This default branch name
2026-04-11T11:56:28.9127190Z hint: will change to "main" in Git 3.0. To configure the initial branch name
2026-04-11T11:56:28.9129198Z hint: to use in all of your new repositories, which will suppress this warning,
2026-04-11T11:56:28.9131389Z hint: call:
2026-04-11T11:56:28.9132867Z hint:
2026-04-11T11:56:28.9134921Z hint: 	git config --global init.defaultBranch <name>
2026-04-11T11:56:28.9136383Z hint:
2026-04-11T11:56:28.9138060Z hint: Names commonly chosen instead of 'master' are 'main', 'trunk' and
2026-04-11T11:56:28.9140041Z hint: 'development'. The just-created branch can be renamed via this command:
2026-04-11T11:56:28.9141760Z hint:
2026-04-11T11:56:28.9142897Z hint: 	git branch -m <name>
2026-04-11T11:56:28.9143853Z hint:
2026-04-11T11:56:28.9145113Z hint: Disable this message with "git config set advice.defaultBranchName false"
2026-04-11T11:56:28.9147081Z Initialized empty Git repository in /home/runner/work/SSF/SSF/.git/
2026-04-11T11:56:28.9150191Z [command]/usr/bin/git remote add origin https://github.com/VarunChavda78/SSF
2026-04-11T11:56:28.9172610Z ##[endgroup]
2026-04-11T11:56:28.9175285Z ##[group]Disabling automatic garbage collection
2026-04-11T11:56:28.9177651Z [command]/usr/bin/git config --local gc.auto 0
2026-04-11T11:56:28.9206866Z ##[endgroup]
2026-04-11T11:56:28.9209354Z ##[group]Setting up auth
2026-04-11T11:56:28.9214984Z [command]/usr/bin/git config --local --name-only --get-regexp core\.sshCommand
2026-04-11T11:56:28.9248214Z [command]/usr/bin/git submodule foreach --recursive sh -c "git config --local --name-only --get-regexp 'core\.sshCommand' && git config --local --unset-all 'core.sshCommand' || :"
2026-04-11T11:56:28.9594268Z [command]/usr/bin/git config --local --name-only --get-regexp http\.https\:\/\/github\.com\/\.extraheader
2026-04-11T11:56:28.9624118Z [command]/usr/bin/git submodule foreach --recursive sh -c "git config --local --name-only --get-regexp 'http\.https\:\/\/github\.com\/\.extraheader' && git config --local --unset-all 'http.https://github.com/.extraheader' || :"
2026-04-11T11:56:28.9841016Z [command]/usr/bin/git config --local --name-only --get-regexp ^includeIf\.gitdir:
2026-04-11T11:56:28.9873557Z [command]/usr/bin/git submodule foreach --recursive git config --local --show-origin --name-only --get-regexp remote.origin.url
2026-04-11T11:56:29.0096332Z [command]/usr/bin/git config --local http.https://github.com/.extraheader AUTHORIZATION: basic ***
2026-04-11T11:56:29.0131862Z ##[endgroup]
2026-04-11T11:56:29.0134704Z ##[group]Fetching the repository
2026-04-11T11:56:29.0144199Z [command]/usr/bin/git -c protocol.version=2 fetch --no-tags --prune --no-recurse-submodules --depth=1 origin +b7baa392e914d72df54c09e016fa7535373ad574:refs/remotes/origin/main
2026-04-11T11:56:30.3885682Z From https://github.com/VarunChavda78/SSF
2026-04-11T11:56:30.3887438Z  * [new ref]         b7baa392e914d72df54c09e016fa7535373ad574 -> origin/main
2026-04-11T11:56:30.3915699Z ##[endgroup]
2026-04-11T11:56:30.3916435Z ##[group]Determining the checkout info
2026-04-11T11:56:30.3917779Z ##[endgroup]
2026-04-11T11:56:30.3923213Z [command]/usr/bin/git sparse-checkout disable
2026-04-11T11:56:30.3958511Z [command]/usr/bin/git config --local --unset-all extensions.worktreeConfig
2026-04-11T11:56:30.3983452Z ##[group]Checking out the ref
2026-04-11T11:56:30.3986980Z [command]/usr/bin/git checkout --progress --force -B main refs/remotes/origin/main
2026-04-11T11:56:31.1311928Z Switched to a new branch 'main'
2026-04-11T11:56:31.1320102Z branch 'main' set up to track 'origin/main'.
2026-04-11T11:56:31.1336544Z ##[endgroup]
2026-04-11T11:56:31.1380246Z [command]/usr/bin/git log -1 --format=%H
2026-04-11T11:56:31.1403861Z b7baa392e914d72df54c09e016fa7535373ad574


--- FILE: build/3_Login to Docker Hub.txt ---
﻿2026-04-11T11:56:31.1616526Z ##[group]Run docker/login-action@v3
2026-04-11T11:56:31.1616902Z with:
2026-04-11T11:56:31.1617237Z   username: ***
2026-04-11T11:56:31.1617470Z   password: ***
2026-04-11T11:56:31.1617663Z   logout: true
2026-04-11T11:56:31.1617865Z ##[endgroup]
2026-04-11T11:56:31.4851569Z Logging into docker.io...
2026-04-11T11:56:32.1659404Z ##[error]Error response from daemon: Get "https://registry-1.docker.io/v2/": unauthorized: incorrect username or password


--- FILE: build/system.txt ---
2026-04-11T11:56:23.5900000Z Requested labels: ubuntu-latest
2026-04-11T11:56:23.5900000Z Job defined at: VarunChavda78/SSF/.github/workflows/ci.yml@refs/heads/main
2026-04-11T11:56:23.5900000Z Waiting for a runner to pick up this job...
2026-04-11T11:56:23.5920000Z Evaluating build.if
2026-04-11T11:56:23.5920000Z Evaluating: success()
2026-04-11T11:56:23.5920000Z Result: true
2026-04-11T11:56:24.0860000Z Job is waiting for a hosted runner to come online.
2026-04-11T11:56:24.0860000Z Job is about to start running on the hosted runner: GitHub Actions 1000000456
