--- FILE: build/1_Set up job.txt ---
﻿2026-04-10T18:39:42.3253268Z Current runner version: '2.333.1'
2026-04-10T18:39:42.3279164Z ##[group]Runner Image Provisioner
2026-04-10T18:39:42.3280085Z Hosted Compute Agent
2026-04-10T18:39:42.3280650Z Version: 20260213.493
2026-04-10T18:39:42.3281301Z Commit: 5c115507f6dd24b8de37d8bbe0bb4509d0cc0fa3
2026-04-10T18:39:42.3282045Z Build Date: 2026-02-13T00:28:41Z
2026-04-10T18:39:42.3282716Z Worker ID: {ee980658-aa58-4f04-8218-9381d8b60810}
2026-04-10T18:39:42.3283404Z Azure Region: westus
2026-04-10T18:39:42.3283966Z ##[endgroup]
2026-04-10T18:39:42.3285673Z ##[group]Operating System
2026-04-10T18:39:42.3286337Z Ubuntu
2026-04-10T18:39:42.3286870Z 24.04.4
2026-04-10T18:39:42.3287325Z LTS
2026-04-10T18:39:42.3287798Z ##[endgroup]
2026-04-10T18:39:42.3288340Z ##[group]Runner Image
2026-04-10T18:39:42.3288959Z Image: ubuntu-24.04
2026-04-10T18:39:42.3289443Z Version: 20260406.80.1
2026-04-10T18:39:42.3290473Z Included Software: https://github.com/actions/runner-images/blob/ubuntu24/20260406.80/images/ubuntu/Ubuntu2404-Readme.md
2026-04-10T18:39:42.3292103Z Image Release: https://github.com/actions/runner-images/releases/tag/ubuntu24%2F20260406.80
2026-04-10T18:39:42.3293076Z ##[endgroup]
2026-04-10T18:39:42.3294116Z ##[group]GITHUB_TOKEN Permissions
2026-04-10T18:39:42.3296249Z Contents: read
2026-04-10T18:39:42.3296904Z Metadata: read
2026-04-10T18:39:42.3297402Z ##[endgroup]
2026-04-10T18:39:42.3299657Z Secret source: Actions
2026-04-10T18:39:42.3300454Z Prepare workflow directory
2026-04-10T18:39:42.3669614Z Prepare all required actions
2026-04-10T18:39:42.3727242Z Getting action download info
2026-04-10T18:39:42.8347572Z Download action repository 'actions/checkout@v4' (SHA:34e114876b0b11c390a56381ad16ebd13914f8d5)
2026-04-10T18:39:42.9902348Z Download action repository 'docker/login-action@v3' (SHA:c94ce9fb468520275223c153574b00df6fe4bcc9)
2026-04-10T18:39:43.9369739Z Complete job name: build


--- FILE: build/2_Checkout code.txt ---
﻿2026-04-10T18:39:44.0123046Z ##[group]Run actions/checkout@v4
2026-04-10T18:39:44.0124071Z with:
2026-04-10T18:39:44.0124579Z   repository: VarunChavda78/SSF
2026-04-10T18:39:44.0125715Z   token: ***
2026-04-10T18:39:44.0126190Z   ssh-strict: true
2026-04-10T18:39:44.0126692Z   ssh-user: git
2026-04-10T18:39:44.0127185Z   persist-credentials: true
2026-04-10T18:39:44.0127730Z   clean: true
2026-04-10T18:39:44.0128221Z   sparse-checkout-cone-mode: true
2026-04-10T18:39:44.0128800Z   fetch-depth: 1
2026-04-10T18:39:44.0129258Z   fetch-tags: false
2026-04-10T18:39:44.0129738Z   show-progress: true
2026-04-10T18:39:44.0130219Z   lfs: false
2026-04-10T18:39:44.0130656Z   submodules: false
2026-04-10T18:39:44.0131176Z   set-safe-directory: true
2026-04-10T18:39:44.0132023Z ##[endgroup]
2026-04-10T18:39:44.1227585Z Syncing repository: VarunChavda78/SSF
2026-04-10T18:39:44.1229635Z ##[group]Getting Git version info
2026-04-10T18:39:44.1230388Z Working directory is '/home/runner/work/SSF/SSF'
2026-04-10T18:39:44.1231417Z [command]/usr/bin/git version
2026-04-10T18:39:44.1267951Z git version 2.53.0
2026-04-10T18:39:44.1294425Z ##[endgroup]
2026-04-10T18:39:44.1310036Z Temporarily overriding HOME='/home/runner/work/_temp/2faaeb10-eaea-49cc-af19-1904544edda3' before making global git config changes
2026-04-10T18:39:44.1311650Z Adding repository directory to the temporary git global config as a safe directory
2026-04-10T18:39:44.1323248Z [command]/usr/bin/git config --global --add safe.directory /home/runner/work/SSF/SSF
2026-04-10T18:39:44.1358122Z Deleting the contents of '/home/runner/work/SSF/SSF'
2026-04-10T18:39:44.1362410Z ##[group]Initializing the repository
2026-04-10T18:39:44.1367422Z [command]/usr/bin/git init /home/runner/work/SSF/SSF
2026-04-10T18:39:44.1457119Z hint: Using 'master' as the name for the initial branch. This default branch name
2026-04-10T18:39:44.1459364Z hint: will change to "main" in Git 3.0. To configure the initial branch name
2026-04-10T18:39:44.1461342Z hint: to use in all of your new repositories, which will suppress this warning,
2026-04-10T18:39:44.1462970Z hint: call:
2026-04-10T18:39:44.1464128Z hint:
2026-04-10T18:39:44.1465488Z hint: 	git config --global init.defaultBranch <name>
2026-04-10T18:39:44.1467086Z hint:
2026-04-10T18:39:44.1468195Z hint: Names commonly chosen instead of 'master' are 'main', 'trunk' and
2026-04-10T18:39:44.1470433Z hint: 'development'. The just-created branch can be renamed via this command:
2026-04-10T18:39:44.1472406Z hint:
2026-04-10T18:39:44.1473271Z hint: 	git branch -m <name>
2026-04-10T18:39:44.1474211Z hint:
2026-04-10T18:39:44.1475752Z hint: Disable this message with "git config set advice.defaultBranchName false"
2026-04-10T18:39:44.1477520Z Initialized empty Git repository in /home/runner/work/SSF/SSF/.git/
2026-04-10T18:39:44.1480216Z [command]/usr/bin/git remote add origin https://github.com/VarunChavda78/SSF
2026-04-10T18:39:44.1505614Z ##[endgroup]
2026-04-10T18:39:44.1507127Z ##[group]Disabling automatic garbage collection
2026-04-10T18:39:44.1510650Z [command]/usr/bin/git config --local gc.auto 0
2026-04-10T18:39:44.1541749Z ##[endgroup]
2026-04-10T18:39:44.1543216Z ##[group]Setting up auth
2026-04-10T18:39:44.1550040Z [command]/usr/bin/git config --local --name-only --get-regexp core\.sshCommand
2026-04-10T18:39:44.1582783Z [command]/usr/bin/git submodule foreach --recursive sh -c "git config --local --name-only --get-regexp 'core\.sshCommand' && git config --local --unset-all 'core.sshCommand' || :"
2026-04-10T18:39:44.1867037Z [command]/usr/bin/git config --local --name-only --get-regexp http\.https\:\/\/github\.com\/\.extraheader
2026-04-10T18:39:44.1898255Z [command]/usr/bin/git submodule foreach --recursive sh -c "git config --local --name-only --get-regexp 'http\.https\:\/\/github\.com\/\.extraheader' && git config --local --unset-all 'http.https://github.com/.extraheader' || :"
2026-04-10T18:39:44.2117157Z [command]/usr/bin/git config --local --name-only --get-regexp ^includeIf\.gitdir:
2026-04-10T18:39:44.2157370Z [command]/usr/bin/git submodule foreach --recursive git config --local --show-origin --name-only --get-regexp remote.origin.url
2026-04-10T18:39:44.2380423Z [command]/usr/bin/git config --local http.https://github.com/.extraheader AUTHORIZATION: basic ***
2026-04-10T18:39:44.2415993Z ##[endgroup]
2026-04-10T18:39:44.2417634Z ##[group]Fetching the repository
2026-04-10T18:39:44.2426413Z [command]/usr/bin/git -c protocol.version=2 fetch --no-tags --prune --no-recurse-submodules --depth=1 origin +b7baa392e914d72df54c09e016fa7535373ad574:refs/remotes/origin/main
2026-04-10T18:39:45.5062848Z From https://github.com/VarunChavda78/SSF
2026-04-10T18:39:45.5066287Z  * [new ref]         b7baa392e914d72df54c09e016fa7535373ad574 -> origin/main
2026-04-10T18:39:45.5089605Z ##[endgroup]
2026-04-10T18:39:45.5091362Z ##[group]Determining the checkout info
2026-04-10T18:39:45.5093305Z ##[endgroup]
2026-04-10T18:39:45.5097848Z [command]/usr/bin/git sparse-checkout disable
2026-04-10T18:39:45.5176197Z [command]/usr/bin/git config --local --unset-all extensions.worktreeConfig
2026-04-10T18:39:45.5219258Z ##[group]Checking out the ref
2026-04-10T18:39:45.5222801Z [command]/usr/bin/git checkout --progress --force -B main refs/remotes/origin/main
2026-04-10T18:39:46.1829755Z Switched to a new branch 'main'
2026-04-10T18:39:46.1838579Z branch 'main' set up to track 'origin/main'.
2026-04-10T18:39:46.1854940Z ##[endgroup]
2026-04-10T18:39:46.1904408Z [command]/usr/bin/git log -1 --format=%H
2026-04-10T18:39:46.1928652Z b7baa392e914d72df54c09e016fa7535373ad574


--- FILE: build/3_Login to Docker Hub.txt ---
﻿2026-04-10T18:39:46.2187282Z ##[group]Run docker/login-action@v3
2026-04-10T18:39:46.2187625Z with:
2026-04-10T18:39:46.2188048Z   username: ***
2026-04-10T18:39:46.2188272Z   password: ***
2026-04-10T18:39:46.2188457Z   logout: true
2026-04-10T18:39:46.2188637Z ##[endgroup]
2026-04-10T18:39:46.5455333Z Logging into docker.io...
2026-04-10T18:39:47.4134561Z ##[error]Error response from daemon: Get "https://registry-1.docker.io/v2/": unauthorized: incorrect username or password


--- FILE: build/system.txt ---
2026-04-10T18:39:39.2290000Z Evaluating build.if
2026-04-10T18:39:39.2290000Z Evaluating: success()
2026-04-10T18:39:39.2290000Z Result: true
2026-04-10T18:39:39.2420000Z Requested labels: ubuntu-latest
2026-04-10T18:39:39.2420000Z Job defined at: VarunChavda78/SSF/.github/workflows/ci.yml@refs/heads/main
2026-04-10T18:39:39.2420000Z Waiting for a runner to pick up this job...
2026-04-10T18:39:39.3490000Z Job is waiting for a hosted runner to come online.
2026-04-10T18:39:39.3490000Z Job is about to start running on the hosted runner: GitHub Actions 1000000445
