--- FILE: build/1_Set up job.txt ---
﻿2026-04-11T04:55:48.7655245Z Current runner version: '2.333.1'
2026-04-11T04:55:48.7679050Z ##[group]Runner Image Provisioner
2026-04-11T04:55:48.7679883Z Hosted Compute Agent
2026-04-11T04:55:48.7680475Z Version: 20260213.493
2026-04-11T04:55:48.7681048Z Commit: 5c115507f6dd24b8de37d8bbe0bb4509d0cc0fa3
2026-04-11T04:55:48.7681666Z Build Date: 2026-02-13T00:28:41Z
2026-04-11T04:55:48.7682299Z Worker ID: {87133a95-db11-452b-b779-13153d0888b6}
2026-04-11T04:55:48.7683168Z Azure Region: westcentralus
2026-04-11T04:55:48.7683671Z ##[endgroup]
2026-04-11T04:55:48.7685036Z ##[group]Operating System
2026-04-11T04:55:48.7685574Z Ubuntu
2026-04-11T04:55:48.7685983Z 24.04.4
2026-04-11T04:55:48.7686458Z LTS
2026-04-11T04:55:48.7686885Z ##[endgroup]
2026-04-11T04:55:48.7687360Z ##[group]Runner Image
2026-04-11T04:55:48.7687863Z Image: ubuntu-24.04
2026-04-11T04:55:48.7688336Z Version: 20260406.80.1
2026-04-11T04:55:48.7689245Z Included Software: https://github.com/actions/runner-images/blob/ubuntu24/20260406.80/images/ubuntu/Ubuntu2404-Readme.md
2026-04-11T04:55:48.7690739Z Image Release: https://github.com/actions/runner-images/releases/tag/ubuntu24%2F20260406.80
2026-04-11T04:55:48.7691552Z ##[endgroup]
2026-04-11T04:55:48.7692512Z ##[group]GITHUB_TOKEN Permissions
2026-04-11T04:55:48.7694356Z Contents: read
2026-04-11T04:55:48.7694913Z Metadata: read
2026-04-11T04:55:48.7695413Z ##[endgroup]
2026-04-11T04:55:48.7697330Z Secret source: Actions
2026-04-11T04:55:48.7698057Z Prepare workflow directory
2026-04-11T04:55:48.8007282Z Prepare all required actions
2026-04-11T04:55:48.8043796Z Getting action download info
2026-04-11T04:55:49.2109781Z Download action repository 'actions/checkout@v4' (SHA:34e114876b0b11c390a56381ad16ebd13914f8d5)
2026-04-11T04:55:49.3199763Z Download action repository 'docker/login-action@v3' (SHA:c94ce9fb468520275223c153574b00df6fe4bcc9)
2026-04-11T04:55:50.5333364Z Complete job name: build


--- FILE: build/2_Checkout code.txt ---
﻿2026-04-11T04:55:50.6099461Z ##[group]Run actions/checkout@v4
2026-04-11T04:55:50.6100830Z with:
2026-04-11T04:55:50.6101621Z   repository: VarunChavda78/SSF
2026-04-11T04:55:50.6103195Z   token: ***
2026-04-11T04:55:50.6104018Z   ssh-strict: true
2026-04-11T04:55:50.6104832Z   ssh-user: git
2026-04-11T04:55:50.6105751Z   persist-credentials: true
2026-04-11T04:55:50.6106716Z   clean: true
2026-04-11T04:55:50.6107607Z   sparse-checkout-cone-mode: true
2026-04-11T04:55:50.6108623Z   fetch-depth: 1
2026-04-11T04:55:50.6109481Z   fetch-tags: false
2026-04-11T04:55:50.6110377Z   show-progress: true
2026-04-11T04:55:50.6111274Z   lfs: false
2026-04-11T04:55:50.6112087Z   submodules: false
2026-04-11T04:55:50.6113077Z   set-safe-directory: true
2026-04-11T04:55:50.6114537Z ##[endgroup]
2026-04-11T04:55:50.7126136Z Syncing repository: VarunChavda78/SSF
2026-04-11T04:55:50.7128822Z ##[group]Getting Git version info
2026-04-11T04:55:50.7130141Z Working directory is '/home/runner/work/SSF/SSF'
2026-04-11T04:55:50.7132053Z [command]/usr/bin/git version
2026-04-11T04:55:50.7145161Z git version 2.53.0
2026-04-11T04:55:50.7167399Z ##[endgroup]
2026-04-11T04:55:50.7180002Z Temporarily overriding HOME='/home/runner/work/_temp/11b2432c-7f9d-48dd-a8d0-275084093c7f' before making global git config changes
2026-04-11T04:55:50.7182904Z Adding repository directory to the temporary git global config as a safe directory
2026-04-11T04:55:50.7192000Z [command]/usr/bin/git config --global --add safe.directory /home/runner/work/SSF/SSF
2026-04-11T04:55:50.7217344Z Deleting the contents of '/home/runner/work/SSF/SSF'
2026-04-11T04:55:50.7220627Z ##[group]Initializing the repository
2026-04-11T04:55:50.7224134Z [command]/usr/bin/git init /home/runner/work/SSF/SSF
2026-04-11T04:55:50.7301558Z hint: Using 'master' as the name for the initial branch. This default branch name
2026-04-11T04:55:50.7303859Z hint: will change to "main" in Git 3.0. To configure the initial branch name
2026-04-11T04:55:50.7305912Z hint: to use in all of your new repositories, which will suppress this warning,
2026-04-11T04:55:50.7307535Z hint: call:
2026-04-11T04:55:50.7308383Z hint:
2026-04-11T04:55:50.7309959Z hint: 	git config --global init.defaultBranch <name>
2026-04-11T04:55:50.7311427Z hint:
2026-04-11T04:55:50.7313526Z hint: Names commonly chosen instead of 'master' are 'main', 'trunk' and
2026-04-11T04:55:50.7316041Z hint: 'development'. The just-created branch can be renamed via this command:
2026-04-11T04:55:50.7318601Z hint:
2026-04-11T04:55:50.7320539Z hint: 	git branch -m <name>
2026-04-11T04:55:50.7322434Z hint:
2026-04-11T04:55:50.7324964Z hint: Disable this message with "git config set advice.defaultBranchName false"
2026-04-11T04:55:50.7328755Z Initialized empty Git repository in /home/runner/work/SSF/SSF/.git/
2026-04-11T04:55:50.7334687Z [command]/usr/bin/git remote add origin https://github.com/VarunChavda78/SSF
2026-04-11T04:55:50.7342369Z ##[endgroup]
2026-04-11T04:55:50.7345043Z ##[group]Disabling automatic garbage collection
2026-04-11T04:55:50.7347422Z [command]/usr/bin/git config --local gc.auto 0
2026-04-11T04:55:50.7374205Z ##[endgroup]
2026-04-11T04:55:50.7376777Z ##[group]Setting up auth
2026-04-11T04:55:50.7381835Z [command]/usr/bin/git config --local --name-only --get-regexp core\.sshCommand
2026-04-11T04:55:50.7410188Z [command]/usr/bin/git submodule foreach --recursive sh -c "git config --local --name-only --get-regexp 'core\.sshCommand' && git config --local --unset-all 'core.sshCommand' || :"
2026-04-11T04:55:50.7758503Z [command]/usr/bin/git config --local --name-only --get-regexp http\.https\:\/\/github\.com\/\.extraheader
2026-04-11T04:55:50.7765769Z [command]/usr/bin/git submodule foreach --recursive sh -c "git config --local --name-only --get-regexp 'http\.https\:\/\/github\.com\/\.extraheader' && git config --local --unset-all 'http.https://github.com/.extraheader' || :"
2026-04-11T04:55:50.7835667Z [command]/usr/bin/git config --local --name-only --get-regexp ^includeIf\.gitdir:
2026-04-11T04:55:50.7859198Z [command]/usr/bin/git submodule foreach --recursive git config --local --show-origin --name-only --get-regexp remote.origin.url
2026-04-11T04:55:50.8038520Z [command]/usr/bin/git config --local http.https://github.com/.extraheader AUTHORIZATION: basic ***
2026-04-11T04:55:50.8068618Z ##[endgroup]
2026-04-11T04:55:50.8070176Z ##[group]Fetching the repository
2026-04-11T04:55:50.8080525Z [command]/usr/bin/git -c protocol.version=2 fetch --no-tags --prune --no-recurse-submodules --depth=1 origin +b7baa392e914d72df54c09e016fa7535373ad574:refs/remotes/origin/main
2026-04-11T04:55:52.2026539Z From https://github.com/VarunChavda78/SSF
2026-04-11T04:55:52.2027138Z  * [new ref]         b7baa392e914d72df54c09e016fa7535373ad574 -> origin/main
2026-04-11T04:55:52.2047967Z ##[endgroup]
2026-04-11T04:55:52.2048597Z ##[group]Determining the checkout info
2026-04-11T04:55:52.2050953Z ##[endgroup]
2026-04-11T04:55:52.2055309Z [command]/usr/bin/git sparse-checkout disable
2026-04-11T04:55:52.2082804Z [command]/usr/bin/git config --local --unset-all extensions.worktreeConfig
2026-04-11T04:55:52.2103212Z ##[group]Checking out the ref
2026-04-11T04:55:52.2107584Z [command]/usr/bin/git checkout --progress --force -B main refs/remotes/origin/main
2026-04-11T04:55:52.6122831Z Switched to a new branch 'main'
2026-04-11T04:55:52.6123488Z branch 'main' set up to track 'origin/main'.
2026-04-11T04:55:52.6136487Z ##[endgroup]
2026-04-11T04:55:52.6173339Z [command]/usr/bin/git log -1 --format=%H
2026-04-11T04:55:52.6192619Z b7baa392e914d72df54c09e016fa7535373ad574


--- FILE: build/3_Login to Docker Hub.txt ---
﻿2026-04-11T04:55:52.6365844Z ##[group]Run docker/login-action@v3
2026-04-11T04:55:52.6366158Z with:
2026-04-11T04:55:52.6366490Z   username: ***
2026-04-11T04:55:52.6366698Z   password: ***
2026-04-11T04:55:52.6366878Z   logout: true
2026-04-11T04:55:52.6367063Z ##[endgroup]
2026-04-11T04:55:52.9050824Z Logging into docker.io...
2026-04-11T04:55:53.2378959Z ##[error]Error response from daemon: Get "https://registry-1.docker.io/v2/": unauthorized: incorrect username or password


--- FILE: build/system.txt ---
2026-04-11T04:55:46.2380000Z Requested labels: ubuntu-latest
2026-04-11T04:55:46.2380000Z Job defined at: VarunChavda78/SSF/.github/workflows/ci.yml@refs/heads/main
2026-04-11T04:55:46.2380000Z Waiting for a runner to pick up this job...
2026-04-11T04:55:46.2360000Z Evaluating build.if
2026-04-11T04:55:46.2360000Z Evaluating: success()
2026-04-11T04:55:46.2360000Z Result: true
2026-04-11T04:55:46.7400000Z Job is about to start running on the hosted runner: GitHub Actions 1000000448
2026-04-11T04:55:46.7390000Z Job is waiting for a hosted runner to come online.
